java.io.IOException: Cannot run program "java": CreateProcess error=206, The filename or extension is too long
	at java.lang.ProcessBuilder.start(ProcessBuilder.java:1048)
	at edu.illinois.cs.testrunner.util.ExecutionInfo.run(ExecutionInfo.scala:51)
	at edu.illinois.cs.testrunner.runner.Runner.$anonfun$runWithCp$3(Runner.scala:62)
	at edu.illinois.cs.testrunner.util.TempFiles$.$anonfun$withProperties$2(TempFiles.scala:38)
	at edu.illinois.cs.testrunner.util.autoClose.$anonfun$autoCloseTry$1(autoClose.scala:7)
	at scala.util.Try$.apply(Try.scala:209)
	at edu.illinois.cs.testrunner.util.autoClose.autoCloseTry(autoClose.scala:7)
	at edu.illinois.cs.testrunner.util.autoClose.apply(autoClose.scala:24)
	at edu.illinois.cs.testrunner.util.TempFiles$.$anonfun$withProperties$1(TempFiles.scala:36)
	at edu.illinois.cs.testrunner.util.TempFiles$.$anonfun$withTempFile$1(TempFiles.scala:17)
	at scala.util.Try$.apply(Try.scala:209)
	at edu.illinois.cs.testrunner.util.TempFiles$.withTempFile(TempFiles.scala:17)
	at edu.illinois.cs.testrunner.util.TempFiles$.withProperties(TempFiles.scala:36)
	at edu.illinois.cs.testrunner.runner.Runner.$anonfun$runWithCp$2(Runner.scala:50)
	at edu.illinois.cs.testrunner.util.TempFiles$.$anonfun$withTempFile$1(TempFiles.scala:17)
	at scala.util.Try$.apply(Try.scala:209)
	at edu.illinois.cs.testrunner.util.TempFiles$.withTempFile(TempFiles.scala:17)
	at edu.illinois.cs.testrunner.runner.Runner.$anonfun$runWithCp$1(Runner.scala:49)
	at edu.illinois.cs.testrunner.util.TempFiles$.$anonfun$withSeq$1(TempFiles.scala:31)
	at edu.illinois.cs.testrunner.util.TempFiles$.$anonfun$withTempFile$1(TempFiles.scala:17)
	at scala.util.Try$.apply(Try.scala:209)
	at edu.illinois.cs.testrunner.util.TempFiles$.withTempFile(TempFiles.scala:17)
	at edu.illinois.cs.testrunner.util.TempFiles$.withSeq(TempFiles.scala:25)
	at edu.illinois.cs.testrunner.runner.Runner.runWithCp(Runner.scala:48)
	at edu.illinois.cs.testrunner.runner.Runner.runWithCp$(Runner.scala:47)
	at edu.illinois.cs.testrunner.runner.SmartRunner.runWithCp(SmartRunner.scala:21)
	at edu.illinois.cs.dt.tools.runner.InstrumentingSmartRunner.lambda$runWithCp$0(InstrumentingSmartRunner.java:56)
	at edu.illinois.cs.testrunner.util.TempFiles$.$anonfun$withTempFile$1(TempFiles.scala:17)
	at scala.util.Try$.apply(Try.scala:209)
	at edu.illinois.cs.testrunner.util.TempFiles$.withTempFile(TempFiles.scala:17)
	at edu.illinois.cs.testrunner.util.TempFiles.withTempFile(TempFiles.scala)
	at edu.illinois.cs.dt.tools.runner.InstrumentingSmartRunner.runWithCp(InstrumentingSmartRunner.java:52)
	at edu.illinois.cs.testrunner.runner.Runner.run(Runner.scala:33)
	at edu.illinois.cs.testrunner.runner.Runner.run$(Runner.scala:33)
	at edu.illinois.cs.testrunner.runner.SmartRunner.run(SmartRunner.scala:28)
	at edu.illinois.cs.testrunner.runner.Runner.runList(Runner.scala:28)
	at edu.illinois.cs.testrunner.runner.Runner.runList$(Runner.scala:27)
	at edu.illinois.cs.testrunner.runner.SmartRunner.runList(SmartRunner.scala:21)
	at edu.illinois.cs.dt.tools.detection.DetectorUtil.originalResults(DetectorUtil.java:32)
	at edu.illinois.cs.dt.tools.detection.detectors.RandomDetector.<init>(RandomDetector.java:26)
	at edu.illinois.cs.dt.tools.detection.detectors.DetectorFactory.makeDetector(DetectorFactory.java:19)
	at edu.illinois.cs.dt.tools.detection.DetectorPlugin.detectorExecute(DetectorPlugin.java:226)
	at edu.illinois.cs.dt.tools.detection.DetectorPlugin.lambda$execute$5(DetectorPlugin.java:201)
	at edu.illinois.cs.dt.tools.utility.ErrorLogger.runAndLogError(ErrorLogger.java:39)
	at edu.illinois.cs.dt.tools.detection.DetectorPlugin.execute(DetectorPlugin.java:201)
	at sun.reflect.NativeMethodAccessorImpl.invoke0(Native Method)
	at sun.reflect.NativeMethodAccessorImpl.invoke(NativeMethodAccessorImpl.java:62)
	at sun.reflect.DelegatingMethodAccessorImpl.invoke(DelegatingMethodAccessorImpl.java:43)
	at java.lang.reflect.Method.invoke(Method.java:498)
	at edu.illinois.cs.testrunner.mavenplugin.TestPluginPlugin.execute(TestPluginPlugin.scala:102)
	at org.apache.maven.plugin.DefaultBuildPluginManager.executeMojo(DefaultBuildPluginManager.java:137)
	at org.apache.maven.lifecycle.internal.MojoExecutor.execute(MojoExecutor.java:210)
	at org.apache.maven.lifecycle.internal.MojoExecutor.execute(MojoExecutor.java:156)
	at org.apache.maven.lifecycle.internal.MojoExecutor.execute(MojoExecutor.java:148)
	at org.apache.maven.lifecycle.internal.LifecycleModuleBuilder.buildProject(LifecycleModuleBuilder.java:117)
	at org.apache.maven.lifecycle.internal.LifecycleModuleBuilder.buildProject(LifecycleModuleBuilder.java:81)
	at org.apache.maven.lifecycle.internal.builder.singlethreaded.SingleThreadedBuilder.build(SingleThreadedBuilder.java:56)
	at org.apache.maven.lifecycle.internal.LifecycleStarter.execute(LifecycleStarter.java:128)
	at org.apache.maven.DefaultMaven.doExecute(DefaultMaven.java:305)
	at org.apache.maven.DefaultMaven.doExecute(DefaultMaven.java:192)
	at org.apache.maven.DefaultMaven.execute(DefaultMaven.java:105)
	at org.apache.maven.cli.MavenCli.execute(MavenCli.java:957)
	at org.apache.maven.cli.MavenCli.doMain(MavenCli.java:289)
	at org.apache.maven.cli.MavenCli.main(MavenCli.java:193)
	at sun.reflect.NativeMethodAccessorImpl.invoke0(Native Method)
	at sun.reflect.NativeMethodAccessorImpl.invoke(NativeMethodAccessorImpl.java:62)
	at sun.reflect.DelegatingMethodAccessorImpl.invoke(DelegatingMethodAccessorImpl.java:43)
	at java.lang.reflect.Method.invoke(Method.java:498)
	at org.codehaus.plexus.classworlds.launcher.Launcher.launchEnhanced(Launcher.java:282)
	at org.codehaus.plexus.classworlds.launcher.Launcher.launch(Launcher.java:225)
	at org.codehaus.plexus.classworlds.launcher.Launcher.mainWithExitCode(Launcher.java:406)
	at org.codehaus.plexus.classworlds.launcher.Launcher.main(Launcher.java:347)
Caused by: java.io.IOException: CreateProcess error=206, The filename or extension is too long
	at java.lang.ProcessImpl.create(Native Method)
	at java.lang.ProcessImpl.<init>(ProcessImpl.java:444)
	at java.lang.ProcessImpl.start(ProcessImpl.java:140)
	at java.lang.ProcessBuilder.start(ProcessBuilder.java:1029)
	... 71 more

com.spotify:helios-testing:0.9.0-SNAPSHOT